<?xml version="1.0" encoding="UTF-8"?>
<!-- Generated by org.testng.reporters.JUnitXMLReporter -->
<testsuite hostname="DESKTOP-NPTJ03E" ignored="0" name="GetReqest" tests="1" failures="1" timestamp="11 Nov 2019 19:40:03 GMT" time="0.042" errors="0">
  <testcase name="GetDocumentCountbyStatus" time="0.0" classname="com.omnius.tests.JSONResponseTest">
    <failure type="org.testng.TestNGException" message="
Cannot inject @Test annotated Method [GetDocumentCountbyStatus] with [interface com.jayway.jsonpath.DocumentContext].
For more information on native dependency injection please refer to http://testng.org/doc/documentation-main.html#native-dependency-injection">
      <![CDATA[org.testng.TestNGException: 
Cannot inject @Test annotated Method [GetDocumentCountbyStatus] with [interface com.jayway.jsonpath.DocumentContext].
For more information on native dependency injection please refer to http://testng.org/doc/documentation-main.html#native-dependency-injection
... Removed 24 stack frames]]>
    </failure>
  </testcase> <!-- GetDocumentCountbyStatus -->
</testsuite> <!-- GetReqest -->
