<?xml version="1.0" encoding="UTF-8"?>
<!-- Generated by org.testng.reporters.JUnitXMLReporter -->
<testsuite hostname="DESKTOP-NPTJ03E" ignored="0" name="TrainerConsolePage" tests="1" failures="1" timestamp="16 Nov 2019 14:57:12 GMT" time="0.024" errors="0">
  <testcase name="NavigateDocumentExplorer" time="0.0" classname="com.omnius.testautomation.tests.TrainerConsolePageTests">
    <failure type="org.testng.TestNGException" message="
Cannot inject @Test annotated Method [NavigateDocumentExplorer] with [class java.lang.String, class java.lang.String].
For more information on native dependency injection please refer to http://testng.org/doc/documentation-main.html#native-dependency-injection">
      <![CDATA[org.testng.TestNGException: 
Cannot inject @Test annotated Method [NavigateDocumentExplorer] with [class java.lang.String, class java.lang.String].
For more information on native dependency injection please refer to http://testng.org/doc/documentation-main.html#native-dependency-injection
... Removed 24 stack frames]]>
    </failure>
  </testcase> <!-- NavigateDocumentExplorer -->
</testsuite> <!-- TrainerConsolePage -->
