<?xml version="1.0" encoding="UTF-8"?>
<!-- Generated by org.testng.reporters.JUnitXMLReporter -->
<testsuite hostname="DESKTOP-NPTJ03E" ignored="0" name="TrainerDocumentExplorerTests" tests="3" failures="0" timestamp="19 Nov 2019 15:51:24 GMT" time="35.738" errors="0">
  <testcase name="createNewCollection" time="3.735" classname="com.omnius.testautomation.tests.TrainerDocumentExplorerTests"/>
  <testcase name="searchCollection" time="6.353" classname="com.omnius.testautomation.tests.TrainerDocumentExplorerTests"/>
  <testcase name="uploadDocuments" time="13.828" classname="com.omnius.testautomation.tests.TrainerDocumentExplorerTests"/>
</testsuite> <!-- TrainerDocumentExplorerTests -->
